<?xml version="1.0" encoding="UTF-8"?>
<testng-results ignored="0" total="1" passed="1" failed="0" skipped="0">
  <reporter-output>
  </reporter-output>
  <suite started-at="2023-07-14T12:18:29 IST" name="Default suite" finished-at="2023-07-14T12:18:37 IST" duration-ms="7466">
    <groups>
    </groups>
    <test started-at="2023-07-14T12:18:29 IST" name="Default test" finished-at="2023-07-14T12:18:37 IST" duration-ms="7466">
      <class name="login.TC_03_Test">
        <test-method is-config="true" signature="LaunchingBrowser()[pri:0, instance:login.TC_03_Test@57d7f8ca]" started-at="2023-07-14T12:18:29 IST" name="LaunchingBrowser" finished-at="2023-07-14T12:18:35 IST" duration-ms="5814" status="PASS">
          <reporter-output>
          </reporter-output>
        </test-method> <!-- LaunchingBrowser -->
        <test-method signature="LoginWith()[pri:0, instance:login.TC_03_Test@57d7f8ca]" started-at="2023-07-14T12:18:35 IST" name="LoginWith" finished-at="2023-07-14T12:18:37 IST" duration-ms="1353" status="PASS">
          <reporter-output>
          </reporter-output>
        </test-method> <!-- LoginWith -->
        <test-method is-config="true" signature="teardownTheBrowser()[pri:0, instance:login.TC_03_Test@57d7f8ca]" started-at="2023-07-14T12:18:37 IST" name="teardownTheBrowser" finished-at="2023-07-14T12:18:37 IST" duration-ms="237" status="PASS">
          <reporter-output>
          </reporter-output>
        </test-method> <!-- teardownTheBrowser -->
      </class> <!-- login.TC_03_Test -->
    </test> <!-- Default test -->
  </suite> <!-- Default suite -->
</testng-results>
